[2024-11-09T02:48:56.543+0100] {local_task_job_runner.py:123} INFO - ::group::Pre task execution logs
[2024-11-09T02:48:56.571+0100] {taskinstance.py:2613} INFO - Dependencies all met for dep_context=non-requeueable deps ti=<TaskInstance: etl_postgres_load.load_to_postgres manual__2024-11-09T01:48:52.040477+00:00 [queued]>
[2024-11-09T02:48:56.585+0100] {taskinstance.py:2613} INFO - Dependencies all met for dep_context=requeueable deps ti=<TaskInstance: etl_postgres_load.load_to_postgres manual__2024-11-09T01:48:52.040477+00:00 [queued]>
[2024-11-09T02:48:56.585+0100] {taskinstance.py:2866} INFO - Starting attempt 1 of 1
[2024-11-09T02:48:56.599+0100] {taskinstance.py:2889} INFO - Executing <Task(PythonOperator): load_to_postgres> on 2024-11-09 01:48:52.040477+00:00
[2024-11-09T02:48:56.602+0100] {standard_task_runner.py:72} INFO - Started process 92983 to run task
[2024-11-09T02:48:56.607+0100] {standard_task_runner.py:104} INFO - Running: ['airflow', 'tasks', 'run', 'etl_postgres_load', 'load_to_postgres', 'manual__2024-11-09T01:48:52.040477+00:00', '--job-id', '15', '--raw', '--subdir', 'DAGS_FOLDER/test.py', '--cfg-path', '/tmp/tmpmq32fqjk']
[2024-11-09T02:48:56.608+0100] {standard_task_runner.py:105} INFO - Job 15: Subtask load_to_postgres
[2024-11-09T02:48:56.694+0100] {task_command.py:467} INFO - Running <TaskInstance: etl_postgres_load.load_to_postgres manual__2024-11-09T01:48:52.040477+00:00 [running]> on host DESKTOP-SO44L49.
[2024-11-09T02:48:56.830+0100] {taskinstance.py:3132} INFO - Exporting env vars: AIRFLOW_CTX_DAG_OWNER='airflow' AIRFLOW_CTX_DAG_ID='etl_postgres_load' AIRFLOW_CTX_TASK_ID='load_to_postgres' AIRFLOW_CTX_EXECUTION_DATE='2024-11-09T01:48:52.040477+00:00' AIRFLOW_CTX_TRY_NUMBER='1' AIRFLOW_CTX_DAG_RUN_ID='manual__2024-11-09T01:48:52.040477+00:00'
[2024-11-09T02:48:56.831+0100] {logging_mixin.py:190} INFO - Task instance is in running state
[2024-11-09T02:48:56.832+0100] {logging_mixin.py:190} INFO -  Previous state of the Task instance: queued
[2024-11-09T02:48:56.832+0100] {logging_mixin.py:190} INFO - Current task name:load_to_postgres state:running start_date:2024-11-09 01:48:56.572319+00:00
[2024-11-09T02:48:56.832+0100] {logging_mixin.py:190} INFO - Dag name:etl_postgres_load and current dag run status:running
[2024-11-09T02:48:56.832+0100] {taskinstance.py:731} INFO - ::endgroup::
[2024-11-09T02:48:56.859+0100] {base.py:84} INFO - Retrieving connection 'postgres_default'
[2024-11-09T02:48:57.236+0100] {python.py:240} INFO - Done. Returned value was: None
[2024-11-09T02:48:57.258+0100] {taskinstance.py:340} INFO - ::group::Post task execution logs
[2024-11-09T02:48:57.259+0100] {taskinstance.py:352} INFO - Marking task as SUCCESS. dag_id=etl_postgres_load, task_id=load_to_postgres, run_id=manual__2024-11-09T01:48:52.040477+00:00, execution_date=20241109T014852, start_date=20241109T014856, end_date=20241109T014857
[2024-11-09T02:48:57.269+0100] {logging_mixin.py:190} INFO - Task instance in success state
[2024-11-09T02:48:57.269+0100] {logging_mixin.py:190} INFO -  Previous state of the Task instance: running
[2024-11-09T02:48:57.269+0100] {logging_mixin.py:190} INFO - Dag name:etl_postgres_load queued_at:2024-11-09 01:48:52.091885+00:00
[2024-11-09T02:48:57.269+0100] {logging_mixin.py:190} INFO - Task hostname:DESKTOP-SO44L49. operator:PythonOperator
[2024-11-09T02:48:57.301+0100] {local_task_job_runner.py:266} INFO - Task exited with return code 0
[2024-11-09T02:48:57.402+0100] {taskinstance.py:3895} INFO - 0 downstream tasks scheduled from follow-on schedule check
[2024-11-09T02:48:57.408+0100] {local_task_job_runner.py:245} INFO - ::endgroup::
