[2024-11-09T02:48:01.187+0100] {local_task_job_runner.py:123} INFO - ::group::Pre task execution logs
[2024-11-09T02:48:01.214+0100] {taskinstance.py:2613} INFO - Dependencies all met for dep_context=non-requeueable deps ti=<TaskInstance: etl_postgres_load.load_to_postgres manual__2024-11-09T01:47:56.704902+00:00 [queued]>
[2024-11-09T02:48:01.224+0100] {taskinstance.py:2613} INFO - Dependencies all met for dep_context=requeueable deps ti=<TaskInstance: etl_postgres_load.load_to_postgres manual__2024-11-09T01:47:56.704902+00:00 [queued]>
[2024-11-09T02:48:01.224+0100] {taskinstance.py:2866} INFO - Starting attempt 1 of 1
[2024-11-09T02:48:01.237+0100] {taskinstance.py:2889} INFO - Executing <Task(PythonOperator): load_to_postgres> on 2024-11-09 01:47:56.704902+00:00
[2024-11-09T02:48:01.240+0100] {standard_task_runner.py:72} INFO - Started process 92622 to run task
[2024-11-09T02:48:01.243+0100] {standard_task_runner.py:104} INFO - Running: ['airflow', 'tasks', 'run', 'etl_postgres_load', 'load_to_postgres', 'manual__2024-11-09T01:47:56.704902+00:00', '--job-id', '14', '--raw', '--subdir', 'DAGS_FOLDER/test.py', '--cfg-path', '/tmp/tmpghgfgh6g']
[2024-11-09T02:48:01.245+0100] {standard_task_runner.py:105} INFO - Job 14: Subtask load_to_postgres
[2024-11-09T02:48:01.330+0100] {task_command.py:467} INFO - Running <TaskInstance: etl_postgres_load.load_to_postgres manual__2024-11-09T01:47:56.704902+00:00 [running]> on host DESKTOP-SO44L49.
[2024-11-09T02:48:01.457+0100] {taskinstance.py:3132} INFO - Exporting env vars: AIRFLOW_CTX_DAG_OWNER='airflow' AIRFLOW_CTX_DAG_ID='etl_postgres_load' AIRFLOW_CTX_TASK_ID='load_to_postgres' AIRFLOW_CTX_EXECUTION_DATE='2024-11-09T01:47:56.704902+00:00' AIRFLOW_CTX_TRY_NUMBER='1' AIRFLOW_CTX_DAG_RUN_ID='manual__2024-11-09T01:47:56.704902+00:00'
[2024-11-09T02:48:01.459+0100] {logging_mixin.py:190} INFO - Task instance is in running state
[2024-11-09T02:48:01.459+0100] {logging_mixin.py:190} INFO -  Previous state of the Task instance: queued
[2024-11-09T02:48:01.459+0100] {logging_mixin.py:190} INFO - Current task name:load_to_postgres state:running start_date:2024-11-09 01:48:01.214940+00:00
[2024-11-09T02:48:01.460+0100] {logging_mixin.py:190} INFO - Dag name:etl_postgres_load and current dag run status:running
[2024-11-09T02:48:01.460+0100] {taskinstance.py:731} INFO - ::endgroup::
[2024-11-09T02:48:01.482+0100] {base.py:84} INFO - Retrieving connection 'postgres_default'
[2024-11-09T02:48:01.500+0100] {taskinstance.py:3311} ERROR - Task failed with exception
Traceback (most recent call last):
  File "/home/hajar/airflow_venv/lib/python3.12/site-packages/airflow/models/taskinstance.py", line 767, in _execute_task
    result = _execute_callable(context=context, **execute_callable_kwargs)
             ^^^^^^^^^^^^^^^^^^^^^^^^^^^^^^^^^^^^^^^^^^^^^^^^^^^^^^^^^^^^^
  File "/home/hajar/airflow_venv/lib/python3.12/site-packages/airflow/models/taskinstance.py", line 733, in _execute_callable
    return ExecutionCallableRunner(
           ^^^^^^^^^^^^^^^^^^^^^^^^
  File "/home/hajar/airflow_venv/lib/python3.12/site-packages/airflow/utils/operator_helpers.py", line 252, in run
    return self.func(*args, **kwargs)
           ^^^^^^^^^^^^^^^^^^^^^^^^^^
  File "/home/hajar/airflow_venv/lib/python3.12/site-packages/airflow/models/baseoperator.py", line 417, in wrapper
    return func(self, *args, **kwargs)
           ^^^^^^^^^^^^^^^^^^^^^^^^^^^
  File "/home/hajar/airflow_venv/lib/python3.12/site-packages/airflow/operators/python.py", line 238, in execute
    return_value = self.execute_callable()
                   ^^^^^^^^^^^^^^^^^^^^^^^
  File "/home/hajar/airflow_venv/lib/python3.12/site-packages/airflow/operators/python.py", line 256, in execute_callable
    return runner.run(*self.op_args, **self.op_kwargs)
           ^^^^^^^^^^^^^^^^^^^^^^^^^^^^^^^^^^^^^^^^^^^
  File "/home/hajar/airflow_venv/lib/python3.12/site-packages/airflow/utils/operator_helpers.py", line 252, in run
    return self.func(*args, **kwargs)
           ^^^^^^^^^^^^^^^^^^^^^^^^^^
  File "/home/hajar/airflow/dags/test.py", line 45, in load_to_postgres
    with open(file_path, 'r') as csv_file:
         ^^^^^^^^^^^^^^^^^^^^
IsADirectoryError: [Errno 21] Is a directory: '/home/hajar/airflow/data/transformed_train.csv/'
[2024-11-09T02:48:01.537+0100] {logging_mixin.py:190} INFO - Task instance in failure state
[2024-11-09T02:48:01.537+0100] {logging_mixin.py:190} INFO - Task start:2024-11-09 01:48:01.214940+00:00 end:2024-11-09 01:48:01.536661+00:00 duration:0.321721
[2024-11-09T02:48:01.537+0100] {logging_mixin.py:190} INFO - Task:<Task(PythonOperator): load_to_postgres> dag:<DAG: etl_postgres_load> dagrun:<DagRun etl_postgres_load @ 2024-11-09 01:47:56.704902+00:00: manual__2024-11-09T01:47:56.704902+00:00, state:running, queued_at: 2024-11-09 01:47:56.735332+00:00. externally triggered: True>
[2024-11-09T02:48:01.538+0100] {logging_mixin.py:190} INFO - Failure caused by [Errno 21] Is a directory: '/home/hajar/airflow/data/transformed_train.csv/'
[2024-11-09T02:48:01.538+0100] {taskinstance.py:1225} INFO - Marking task as FAILED. dag_id=etl_postgres_load, task_id=load_to_postgres, run_id=manual__2024-11-09T01:47:56.704902+00:00, execution_date=20241109T014756, start_date=20241109T014801, end_date=20241109T014801
[2024-11-09T02:48:01.552+0100] {taskinstance.py:340} INFO - ::group::Post task execution logs
[2024-11-09T02:48:01.552+0100] {standard_task_runner.py:124} ERROR - Failed to execute job 14 for task load_to_postgres ([Errno 21] Is a directory: '/home/hajar/airflow/data/transformed_train.csv/'; 92622)
Traceback (most recent call last):
  File "/home/hajar/airflow_venv/lib/python3.12/site-packages/airflow/task/task_runner/standard_task_runner.py", line 117, in _start_by_fork
    ret = args.func(args, dag=self.dag)
          ^^^^^^^^^^^^^^^^^^^^^^^^^^^^^
  File "/home/hajar/airflow_venv/lib/python3.12/site-packages/airflow/cli/cli_config.py", line 49, in command
    return func(*args, **kwargs)
           ^^^^^^^^^^^^^^^^^^^^^
  File "/home/hajar/airflow_venv/lib/python3.12/site-packages/airflow/utils/cli.py", line 116, in wrapper
    return f(*args, **kwargs)
           ^^^^^^^^^^^^^^^^^^
  File "/home/hajar/airflow_venv/lib/python3.12/site-packages/airflow/cli/commands/task_command.py", line 483, in task_run
    task_return_code = _run_task_by_selected_method(args, _dag, ti)
                       ^^^^^^^^^^^^^^^^^^^^^^^^^^^^^^^^^^^^^^^^^^^^
  File "/home/hajar/airflow_venv/lib/python3.12/site-packages/airflow/cli/commands/task_command.py", line 256, in _run_task_by_selected_method
    return _run_raw_task(args, ti)
           ^^^^^^^^^^^^^^^^^^^^^^^
  File "/home/hajar/airflow_venv/lib/python3.12/site-packages/airflow/cli/commands/task_command.py", line 341, in _run_raw_task
    return ti._run_raw_task(
           ^^^^^^^^^^^^^^^^^
  File "/home/hajar/airflow_venv/lib/python3.12/site-packages/airflow/utils/session.py", line 97, in wrapper
    return func(*args, session=session, **kwargs)
           ^^^^^^^^^^^^^^^^^^^^^^^^^^^^^^^^^^^^^^
  File "/home/hajar/airflow_venv/lib/python3.12/site-packages/airflow/models/taskinstance.py", line 3005, in _run_raw_task
    return _run_raw_task(
           ^^^^^^^^^^^^^^
  File "/home/hajar/airflow_venv/lib/python3.12/site-packages/airflow/models/taskinstance.py", line 273, in _run_raw_task
    TaskInstance._execute_task_with_callbacks(
  File "/home/hajar/airflow_venv/lib/python3.12/site-packages/airflow/models/taskinstance.py", line 3159, in _execute_task_with_callbacks
    result = self._execute_task(context, task_orig)
             ^^^^^^^^^^^^^^^^^^^^^^^^^^^^^^^^^^^^^^
  File "/home/hajar/airflow_venv/lib/python3.12/site-packages/airflow/models/taskinstance.py", line 3183, in _execute_task
    return _execute_task(self, context, task_orig)
           ^^^^^^^^^^^^^^^^^^^^^^^^^^^^^^^^^^^^^^^
  File "/home/hajar/airflow_venv/lib/python3.12/site-packages/airflow/models/taskinstance.py", line 767, in _execute_task
    result = _execute_callable(context=context, **execute_callable_kwargs)
             ^^^^^^^^^^^^^^^^^^^^^^^^^^^^^^^^^^^^^^^^^^^^^^^^^^^^^^^^^^^^^
  File "/home/hajar/airflow_venv/lib/python3.12/site-packages/airflow/models/taskinstance.py", line 733, in _execute_callable
    return ExecutionCallableRunner(
           ^^^^^^^^^^^^^^^^^^^^^^^^
  File "/home/hajar/airflow_venv/lib/python3.12/site-packages/airflow/utils/operator_helpers.py", line 252, in run
    return self.func(*args, **kwargs)
           ^^^^^^^^^^^^^^^^^^^^^^^^^^
  File "/home/hajar/airflow_venv/lib/python3.12/site-packages/airflow/models/baseoperator.py", line 417, in wrapper
    return func(self, *args, **kwargs)
           ^^^^^^^^^^^^^^^^^^^^^^^^^^^
  File "/home/hajar/airflow_venv/lib/python3.12/site-packages/airflow/operators/python.py", line 238, in execute
    return_value = self.execute_callable()
                   ^^^^^^^^^^^^^^^^^^^^^^^
  File "/home/hajar/airflow_venv/lib/python3.12/site-packages/airflow/operators/python.py", line 256, in execute_callable
    return runner.run(*self.op_args, **self.op_kwargs)
           ^^^^^^^^^^^^^^^^^^^^^^^^^^^^^^^^^^^^^^^^^^^
  File "/home/hajar/airflow_venv/lib/python3.12/site-packages/airflow/utils/operator_helpers.py", line 252, in run
    return self.func(*args, **kwargs)
           ^^^^^^^^^^^^^^^^^^^^^^^^^^
  File "/home/hajar/airflow/dags/test.py", line 45, in load_to_postgres
    with open(file_path, 'r') as csv_file:
         ^^^^^^^^^^^^^^^^^^^^
IsADirectoryError: [Errno 21] Is a directory: '/home/hajar/airflow/data/transformed_train.csv/'
[2024-11-09T02:48:01.577+0100] {local_task_job_runner.py:266} INFO - Task exited with return code 1
[2024-11-09T02:48:01.627+0100] {taskinstance.py:3895} INFO - 0 downstream tasks scheduled from follow-on schedule check
[2024-11-09T02:48:01.630+0100] {local_task_job_runner.py:245} INFO - ::endgroup::
