[2024-11-09T03:20:57.766+0100] {local_task_job_runner.py:123} INFO - ::group::Pre task execution logs
[2024-11-09T03:20:57.850+0100] {taskinstance.py:2613} INFO - Dependencies all met for dep_context=non-requeueable deps ti=<TaskInstance: etl_postgres_load.load_to_postgres manual__2024-11-09T02:20:05.305048+00:00 [queued]>
[2024-11-09T03:20:57.874+0100] {taskinstance.py:2613} INFO - Dependencies all met for dep_context=requeueable deps ti=<TaskInstance: etl_postgres_load.load_to_postgres manual__2024-11-09T02:20:05.305048+00:00 [queued]>
[2024-11-09T03:20:57.875+0100] {taskinstance.py:2866} INFO - Starting attempt 1 of 1
[2024-11-09T03:20:57.912+0100] {taskinstance.py:2889} INFO - Executing <Task(PythonOperator): load_to_postgres> on 2024-11-09 02:20:05.305048+00:00
[2024-11-09T03:20:57.925+0100] {standard_task_runner.py:72} INFO - Started process 106212 to run task
[2024-11-09T03:20:57.934+0100] {standard_task_runner.py:104} INFO - Running: ['airflow', 'tasks', 'run', 'etl_postgres_load', 'load_to_postgres', 'manual__2024-11-09T02:20:05.305048+00:00', '--job-id', '19', '--raw', '--subdir', 'DAGS_FOLDER/test.py', '--cfg-path', '/tmp/tmpwkyx9bak']
[2024-11-09T03:20:57.938+0100] {standard_task_runner.py:105} INFO - Job 19: Subtask load_to_postgres
[2024-11-09T03:20:58.189+0100] {task_command.py:467} INFO - Running <TaskInstance: etl_postgres_load.load_to_postgres manual__2024-11-09T02:20:05.305048+00:00 [running]> on host DESKTOP-SO44L49.
[2024-11-09T03:20:58.460+0100] {taskinstance.py:3132} INFO - Exporting env vars: AIRFLOW_CTX_DAG_OWNER='airflow' AIRFLOW_CTX_DAG_ID='etl_postgres_load' AIRFLOW_CTX_TASK_ID='load_to_postgres' AIRFLOW_CTX_EXECUTION_DATE='2024-11-09T02:20:05.305048+00:00' AIRFLOW_CTX_TRY_NUMBER='1' AIRFLOW_CTX_DAG_RUN_ID='manual__2024-11-09T02:20:05.305048+00:00'
[2024-11-09T03:20:58.462+0100] {logging_mixin.py:190} INFO - Task instance is in running state
[2024-11-09T03:20:58.462+0100] {logging_mixin.py:190} INFO -  Previous state of the Task instance: queued
[2024-11-09T03:20:58.463+0100] {logging_mixin.py:190} INFO - Current task name:load_to_postgres state:running start_date:2024-11-09 02:20:57.851762+00:00
[2024-11-09T03:20:58.463+0100] {logging_mixin.py:190} INFO - Dag name:etl_postgres_load and current dag run status:running
[2024-11-09T03:20:58.464+0100] {taskinstance.py:731} INFO - ::endgroup::
[2024-11-09T03:20:58.498+0100] {base.py:84} INFO - Retrieving connection 'postgres_default'
[2024-11-09T03:20:59.108+0100] {python.py:240} INFO - Done. Returned value was: None
[2024-11-09T03:20:59.186+0100] {taskinstance.py:340} INFO - ::group::Post task execution logs
[2024-11-09T03:20:59.188+0100] {taskinstance.py:352} INFO - Marking task as SUCCESS. dag_id=etl_postgres_load, task_id=load_to_postgres, run_id=manual__2024-11-09T02:20:05.305048+00:00, execution_date=20241109T022005, start_date=20241109T022057, end_date=20241109T022059
[2024-11-09T03:20:59.220+0100] {logging_mixin.py:190} INFO - Task instance in success state
[2024-11-09T03:20:59.222+0100] {logging_mixin.py:190} INFO -  Previous state of the Task instance: running
[2024-11-09T03:20:59.223+0100] {logging_mixin.py:190} INFO - Dag name:etl_postgres_load queued_at:2024-11-09 02:20:05.405471+00:00
[2024-11-09T03:20:59.223+0100] {logging_mixin.py:190} INFO - Task hostname:DESKTOP-SO44L49. operator:PythonOperator
[2024-11-09T03:20:59.283+0100] {local_task_job_runner.py:266} INFO - Task exited with return code 0
[2024-11-09T03:20:59.411+0100] {taskinstance.py:3895} INFO - 0 downstream tasks scheduled from follow-on schedule check
[2024-11-09T03:20:59.418+0100] {local_task_job_runner.py:245} INFO - ::endgroup::
