[2024-11-09T13:19:38.142+0100] {local_task_job_runner.py:123} INFO - ::group::Pre task execution logs
[2024-11-09T13:19:38.198+0100] {taskinstance.py:2613} INFO - Dependencies all met for dep_context=non-requeueable deps ti=<TaskInstance: etl_postgres_load.load_to_postgres manual__2024-11-09T12:18:43.825256+00:00 [queued]>
[2024-11-09T13:19:38.216+0100] {taskinstance.py:2613} INFO - Dependencies all met for dep_context=requeueable deps ti=<TaskInstance: etl_postgres_load.load_to_postgres manual__2024-11-09T12:18:43.825256+00:00 [queued]>
[2024-11-09T13:19:38.216+0100] {taskinstance.py:2866} INFO - Starting attempt 1 of 1
[2024-11-09T13:19:38.242+0100] {taskinstance.py:2889} INFO - Executing <Task(PythonOperator): load_to_postgres> on 2024-11-09 12:18:43.825256+00:00
[2024-11-09T13:19:38.258+0100] {logging_mixin.py:190} WARNING - /home/hajar/airflow_venv/lib/python3.12/site-packages/airflow/task/task_runner/standard_task_runner.py:70 DeprecationWarning: This process (pid=40487) is multi-threaded, use of fork() may lead to deadlocks in the child.
[2024-11-09T13:19:38.258+0100] {standard_task_runner.py:104} INFO - Running: ['airflow', 'tasks', 'run', 'etl_postgres_load', 'load_to_postgres', 'manual__2024-11-09T12:18:43.825256+00:00', '--job-id', '26', '--raw', '--subdir', 'DAGS_FOLDER/test.py', '--cfg-path', '/tmp/tmpwm6oap7_']
[2024-11-09T13:19:38.260+0100] {standard_task_runner.py:72} INFO - Started process 40560 to run task
[2024-11-09T13:19:38.261+0100] {standard_task_runner.py:105} INFO - Job 26: Subtask load_to_postgres
[2024-11-09T13:19:38.445+0100] {task_command.py:467} INFO - Running <TaskInstance: etl_postgres_load.load_to_postgres manual__2024-11-09T12:18:43.825256+00:00 [running]> on host DESKTOP-SO44L49.
[2024-11-09T13:19:38.693+0100] {taskinstance.py:3132} INFO - Exporting env vars: AIRFLOW_CTX_DAG_OWNER='airflow' AIRFLOW_CTX_DAG_ID='etl_postgres_load' AIRFLOW_CTX_TASK_ID='load_to_postgres' AIRFLOW_CTX_EXECUTION_DATE='2024-11-09T12:18:43.825256+00:00' AIRFLOW_CTX_TRY_NUMBER='1' AIRFLOW_CTX_DAG_RUN_ID='manual__2024-11-09T12:18:43.825256+00:00'
[2024-11-09T13:19:38.696+0100] {logging_mixin.py:190} INFO - Task instance is in running state
[2024-11-09T13:19:38.697+0100] {logging_mixin.py:190} INFO -  Previous state of the Task instance: queued
[2024-11-09T13:19:38.698+0100] {logging_mixin.py:190} INFO - Current task name:load_to_postgres state:running start_date:2024-11-09 12:19:38.199473+00:00
[2024-11-09T13:19:38.698+0100] {logging_mixin.py:190} INFO - Dag name:etl_postgres_load and current dag run status:running
[2024-11-09T13:19:38.699+0100] {taskinstance.py:731} INFO - ::endgroup::
[2024-11-09T13:19:38.747+0100] {base.py:84} INFO - Retrieving connection 'postgres_default'
[2024-11-09T13:19:39.281+0100] {python.py:240} INFO - Done. Returned value was: None
[2024-11-09T13:19:39.303+0100] {taskinstance.py:340} INFO - ::group::Post task execution logs
[2024-11-09T13:19:39.303+0100] {taskinstance.py:352} INFO - Marking task as SUCCESS. dag_id=etl_postgres_load, task_id=load_to_postgres, run_id=manual__2024-11-09T12:18:43.825256+00:00, execution_date=20241109T121843, start_date=20241109T121938, end_date=20241109T121939
[2024-11-09T13:19:39.314+0100] {logging_mixin.py:190} INFO - Task instance in success state
[2024-11-09T13:19:39.315+0100] {logging_mixin.py:190} INFO -  Previous state of the Task instance: running
[2024-11-09T13:19:39.315+0100] {logging_mixin.py:190} INFO - Dag name:etl_postgres_load queued_at:2024-11-09 12:18:43.898999+00:00
[2024-11-09T13:19:39.315+0100] {logging_mixin.py:190} INFO - Task hostname:DESKTOP-SO44L49. operator:PythonOperator
[2024-11-09T13:19:39.324+0100] {local_task_job_runner.py:266} INFO - Task exited with return code 0
[2024-11-09T13:19:39.402+0100] {taskinstance.py:3895} INFO - 0 downstream tasks scheduled from follow-on schedule check
[2024-11-09T13:19:39.407+0100] {local_task_job_runner.py:245} INFO - ::endgroup::
